<?xml version="1.0" encoding="UTF-8"?>
<!-- Generated by org.testng.reporters.JUnitReportReporter -->
<testsuite hostname="lin80027007" failures="0" tests="2" name="runnertest.Runtest1" time="24.795" errors="0" timestamp="2024-10-15T11:43:01 IST" skipped="0">
  <testcase classname="runnertest.Runtest1" name="runScenario" time="10.026"/>
  <system-out/>
  <testcase classname="runnertest.Runtest1" name="runScenario" time="14.769"/>
  <system-out/>
</testsuite> <!-- runnertest.Runtest1 -->
